<?xml version="1.0" encoding="UTF-8"?>
<!DOCTYPE beans PUBLIC "-//SPRING//DTD BEAN//EN" 
	"http://www.springframework.org/dtd/spring-beans.dtd">
<beans>
  <bean id="earlyRequestParser" 
     class="uk.org.ponder.rsf.request.EarlyRequestParser" abstract="true" >
  </bean>

  <bean id="requestLocale" factory-bean="httpServletRequest"
    factory-method="getLocale" />
    
  <bean id="rootHandlerBean" 
     parent="rootHandlerBeanBase" class="uk.org.ponder.rsf.bare.BareRootHandlerBean"/>
</beans>